<?xml version="1.0" encoding="UTF-8"?>
<!-- Generated by org.testng.reporters.JUnitReportReporter -->
<testsuite hostname="DESKTOP-P34K40U" failures="0" tests="1" name="StockPriceValidation.EndToEnd" time="128.451" errors="0" timestamp="2024-04-02T23:39:57 IST" skipped="0">
  <testcase classname="StockPriceValidation.EndToEnd" name="testTableDataToExcel" time="128.451"/>
</testsuite> <!-- StockPriceValidation.EndToEnd -->
